0 info it worked if it ends with ok
1 verbose cli [ '/usr/bin/nodejs', '/usr/bin/npm', 'start' ]
2 info using npm@3.9.3
3 info using node@v6.2.1
4 verbose run-script [ 'prestart', 'start', 'poststart' ]
5 info lifecycle S3Text@0.2.0~prestart: S3Text@0.2.0
6 silly lifecycle S3Text@0.2.0~prestart: no script for prestart, continuing
7 info lifecycle S3Text@0.2.0~start: S3Text@0.2.0
8 verbose lifecycle S3Text@0.2.0~start: unsafe-perm in lifecycle true
9 verbose lifecycle S3Text@0.2.0~start: PATH: /usr/lib/node_modules/npm/bin/node-gyp-bin:/home/frank/Franky/public_html/s3-framework/node_modules/.bin:/usr/bin:/usr/local/sbin:/usr/local/bin:/usr/sbin:/usr/bin:/sbin:/bin:/usr/games:/usr/local/games:/snap/bin
10 verbose lifecycle S3Text@0.2.0~start: CWD: /home/frank/Franky/public_html/s3-framework
11 silly lifecycle S3Text@0.2.0~start: Args: [ '-c', 'node devServer.js' ]
12 silly lifecycle S3Text@0.2.0~start: Returned: code: 1  signal: null
13 info lifecycle S3Text@0.2.0~start: Failed to exec start script
14 verbose stack Error: S3Text@0.2.0 start: `node devServer.js`
14 verbose stack Exit status 1
14 verbose stack     at EventEmitter.<anonymous> (/usr/lib/node_modules/npm/lib/utils/lifecycle.js:245:16)
14 verbose stack     at emitTwo (events.js:106:13)
14 verbose stack     at EventEmitter.emit (events.js:191:7)
14 verbose stack     at ChildProcess.<anonymous> (/usr/lib/node_modules/npm/lib/utils/spawn.js:24:14)
14 verbose stack     at emitTwo (events.js:106:13)
14 verbose stack     at ChildProcess.emit (events.js:191:7)
14 verbose stack     at maybeClose (internal/child_process.js:852:16)
14 verbose stack     at Process.ChildProcess._handle.onexit (internal/child_process.js:215:5)
15 verbose pkgid S3Text@0.2.0
16 verbose cwd /home/frank/Franky/public_html/s3-framework
17 error Linux 4.4.0-28-generic
18 error argv "/usr/bin/nodejs" "/usr/bin/npm" "start"
19 error node v6.2.1
20 error npm  v3.9.3
21 error code ELIFECYCLE
22 error S3Text@0.2.0 start: `node devServer.js`
22 error Exit status 1
23 error Failed at the S3Text@0.2.0 start script 'node devServer.js'.
23 error Make sure you have the latest version of node.js and npm installed.
23 error If you do, this is most likely a problem with the S3Text package,
23 error not with npm itself.
23 error Tell the author that this fails on your system:
23 error     node devServer.js
23 error You can get information on how to open an issue for this project with:
23 error     npm bugs S3Text
23 error Or if that isn't available, you can get their info via:
23 error     npm owner ls S3Text
23 error There is likely additional logging output above.
24 verbose exit [ 1, true ]
